<?xml version="1.0" encoding="UTF-8"?>
<testng-results ignored="0" total="1" passed="1" failed="0" skipped="0">
  <reporter-output>
    <line>
      <![CDATA[Broweser launched]]>
    </line>
    <line>
      <![CDATA[logged into Amazon home page]]>
    </line>
    <line>
      <![CDATA[Signin successful]]>
    </line>
  </reporter-output>
  <suite started-at="2026-06-01T17:02:19 IST" name="SystemSuite" finished-at="2026-06-01T17:02:48 IST" duration-ms="29610">
    <groups>
    </groups>
    <test started-at="2026-06-01T17:02:19 IST" name="Testing on Chrome" finished-at="2026-06-01T17:02:48 IST" duration-ms="29610">
      <class name="amazon_test.Tc1_LogintoAmazon">
        <test-method is-config="true" signature="BrowserLaunch(java.lang.String)[pri:0, instance:amazon_test.Tc1_LogintoAmazon@31190526]" started-at="2026-06-01T17:02:19 IST" name="BrowserLaunch" finished-at="2026-06-01T17:02:23 IST" duration-ms="3736" status="PASS">
          <params>
            <param index="0">
              <value>
                <![CDATA[Chrome]]>
              </value>
            </param>
          </params>
          <reporter-output>
          </reporter-output>
        </test-method> <!-- BrowserLaunch -->
        <test-method signature="Login_ValidCredentials()[pri:0, instance:amazon_test.Tc1_LogintoAmazon@31190526]" started-at="2026-06-01T17:02:23 IST" name="Login_ValidCredentials" finished-at="2026-06-01T17:02:43 IST" duration-ms="20254" status="PASS">
          <reporter-output>
            <line>
              <![CDATA[Broweser launched]]>
            </line>
            <line>
              <![CDATA[logged into Amazon home page]]>
            </line>
            <line>
              <![CDATA[Signin successful]]>
            </line>
          </reporter-output>
        </test-method> <!-- Login_ValidCredentials -->
        <test-method is-config="true" signature="BrowserQuit()[pri:0, instance:amazon_test.Tc1_LogintoAmazon@31190526]" started-at="2026-06-01T17:02:43 IST" name="BrowserQuit" finished-at="2026-06-01T17:02:48 IST" duration-ms="5533" status="PASS">
          <reporter-output>
          </reporter-output>
        </test-method> <!-- BrowserQuit -->
      </class> <!-- amazon_test.Tc1_LogintoAmazon -->
    </test> <!-- Testing on Chrome -->
  </suite> <!-- SystemSuite -->
</testng-results>
