<?xml version="1.0" encoding="UTF-8"?>
<!-- Generated by org.testng.reporters.JUnitReportReporter -->
<testsuite hostname="LAPTOP-ROAPUNPO" failures="0" tests="1" name="amazon_test.Tc1_LogintoAmazon" time="29.523" errors="0" timestamp="2026-06-01T17:02:49 IST" skipped="0">
  <testcase classname="amazon_test.Tc1_LogintoAmazon" name="Login_ValidCredentials" time="29.523">
    <system-out>
      <![CDATA[Broweser launched
logged into Amazon home page
Signin successful]]>
    </system-out>
  </testcase> <!-- Login_ValidCredentials -->
  <system-out>
    <![CDATA[Broweser launched
logged into Amazon home page
Signin successful]]>
  </system-out>
</testsuite> <!-- amazon_test.Tc1_LogintoAmazon -->
